<?xml version="1.0" encoding="UTF-8"?>
<testsuite xmlns:xsi="http://www.w3.org/2001/XMLSchema-instance" xsi:noNamespaceSchemaLocation="https://maven.apache.org/surefire/maven-surefire-plugin/xsd/surefire-test-report-3.0.xsd" version="3.0" name="com.group5.distributorsystem.DistributorSystemApplicationTests" time="9.076" tests="1" errors="0" skipped="0" failures="0">
  <properties>
[...]
</properties>
  <testcase name="contextLoads" classname="com.group5.distributorsystem.DistributorSystemApplicationTests" time="0.945">
    <system-out><![CDATA[21:44:41.271 [main] INFO org.springframework.test.context.support.AnnotationConfigContextLoaderUtils -- Could not detect default configuration classes for test class [com.group5.distributorsystem.DistributorSystemApplicationTests]: DistributorSystemApplicationTests does not declare any static, non-private, non-final, nested classes annotated with @Configuration.
21:44:41.386 [main] INFO org.springframework.boot.test.context.SpringBootTestContextBootstrapper -- Found @SpringBootConfiguration com.group5.distributorsystem.DistributorSystemApplication for test class com.group5.distributorsystem.DistributorSystemApplicationTests

  .   ____          _            __ _ _
 /\\ / ___'_ __ _ _(_)_ __  __ _ \ \ \ \
( ( )\___ | '_ | '_| | '_ \/ _` | \ \ \ \
 \\/  ___)| |_)| | | | | || (_| |  ) ) ) )
  '  |____| .__|_| |_|_| |_\__, | / / / /
 =========|_|==============|___/=/_/_/_/
 :: Spring Boot ::                (v3.1.0)

2024-05-18T21:44:41.871+08:00  INFO 19692 --- [           main] c.g.d.DistributorSystemApplicationTests  : Starting DistributorSystemApplicationTests using Java 19.0.1 with PID 19692 (started by Gabriel in C:\Users\Gabriel\Downloads\DistroMentor-master\DistroMentor-master\Backend\DistributorSystem)
2024-05-18T21:44:41.873+08:00  INFO 19692 --- [           main] c.g.d.DistributorSystemApplicationTests  : No active profile set, falling back to 1 default profile: "default"
2024-05-18T21:44:42.892+08:00  INFO 19692 --- [           main] .s.d.r.c.RepositoryConfigurationDelegate : Bootstrapping Spring Data MongoDB repositories in DEFAULT mode.
2024-05-18T21:44:43.015+08:00  INFO 19692 --- [           main] .s.d.r.c.RepositoryConfigurationDelegate : Finished Spring Data repository scanning in 115 ms. Found 16 MongoDB repository interfaces.
2024-05-18T21:44:45.770+08:00  INFO 19692 --- [           main] org.mongodb.driver.client                : MongoClient with metadata {"driver": {"name": "mongo-java-driver|sync|spring-boot", "version": "4.9.1"}, "os": {"type": "Windows", "name": "Windows 11", "architecture": "amd64", "version": "10.0"}, "platform": "Java/Oracle Corporation/19.0.1+10-21"} created with settings MongoClientSettings{readPreference=primary, writeConcern=WriteConcern{w=null, wTimeout=null ms, journal=null}, retryWrites=true, retryReads=true, readConcern=ReadConcern{level=null}, credential=MongoCredential{mechanism=null, userName='backendAcct', source='admin', password=<hidden>, mechanismProperties=<hidden>}, streamFactoryFactory=null, commandListeners=[io.micrometer.core.instrument.binder.mongodb.MongoMetricsCommandListener@79e7188e], codecRegistry=ProvidersCodecRegistry{codecProviders=[ValueCodecProvider{}, BsonValueCodecProvider{}, DBRefCodecProvider{}, DBObjectCodecProvider{}, DocumentCodecProvider{}, CollectionCodecProvider{}, IterableCodecProvider{}, MapCodecProvider{}, GeoJsonCodecProvider{}, GridFSFileCodecProvider{}, Jsr310CodecProvider{}, JsonObjectCodecProvider{}, BsonCodecProvider{}, EnumCodecProvider{}, com.mongodb.client.model.mql.ExpressionCodecProvider@10177794, com.mongodb.Jep395RecordCodecProvider@e5c2463]}, loggerSettings=LoggerSettings{maxDocumentLength=1000}, clusterSettings={hosts=[127.0.0.1:27017], srvHost=distributorsystem.hnskupd.mongodb.net, srvServiceName=mongodb, mode=MULTIPLE, requiredClusterType=REPLICA_SET, requiredReplicaSetName='atlas-5y5zxu-shard-0', serverSelector='null', clusterListeners='[]', serverSelectionTimeout='30000 ms', localThreshold='30000 ms'}, socketSettings=SocketSettings{connectTimeoutMS=10000, readTimeoutMS=0, receiveBufferSize=0, sendBufferSize=0}, heartbeatSocketSettings=SocketSettings{connectTimeoutMS=10000, readTimeoutMS=10000, receiveBufferSize=0, sendBufferSize=0}, connectionPoolSettings=ConnectionPoolSettings{maxSize=100, minSize=0, maxWaitTimeMS=120000, maxConnectionLifeTimeMS=0, maxConnectionIdleTimeMS=0, maintenanceInitialDelayMS=0, maintenanceFrequencyMS=60000, connectionPoolListeners=[io.micrometer.core.instrument.binder.mongodb.MongoMetricsConnectionPoolListener@52559a69], maxConnecting=2}, serverSettings=ServerSettings{heartbeatFrequencyMS=10000, minHeartbeatFrequencyMS=500, serverListeners='[]', serverMonitorListeners='[]'}, sslSettings=SslSettings{enabled=true, invalidHostNameAllowed=false, context=null}, applicationName='null', compressorList=[], uuidRepresentation=JAVA_LEGACY, serverApi=null, autoEncryptionSettings=null, contextProvider=null}
2024-05-18T21:44:47.935+08:00  INFO 19692 --- [upd.mongodb.net] org.mongodb.driver.cluster               : Adding discovered server ac-tqz6ylx-shard-00-00.hnskupd.mongodb.net:27017 to client view of cluster
2024-05-18T21:44:47.985+08:00  INFO 19692 --- [upd.mongodb.net] org.mongodb.driver.cluster               : Adding discovered server ac-tqz6ylx-shard-00-01.hnskupd.mongodb.net:27017 to client view of cluster
2024-05-18T21:44:47.986+08:00  INFO 19692 --- [upd.mongodb.net] org.mongodb.driver.cluster               : Adding discovered server ac-tqz6ylx-shard-00-02.hnskupd.mongodb.net:27017 to client view of cluster
2024-05-18T21:44:49.058+08:00  INFO 19692 --- [           main] o.s.b.a.e.web.EndpointLinksResolver      : Exposing 1 endpoint(s) beneath base path '/actuator'
2024-05-18T21:44:49.120+08:00  INFO 19692 --- [           main] c.g.d.DistributorSystemApplicationTests  : Started DistributorSystemApplicationTests in 7.584 seconds (process running for 8.544)
]]></system-out>
  </testcase>
</testsuite>